<?xml version="1.0" encoding="UTF-8"?>
<!-- Generated by org.testng.reporters.JUnitReportReporter -->
<testsuite hostname="DESKTOP-O6QUPU6" failures="0" tests="1" name="driverFactory.AppTest" time="42.134" errors="0" timestamp="2024-06-22T09:37:51 IST" skipped="0">
  <testcase classname="driverFactory.AppTest" name="kickStart" time="42.134"/>
</testsuite> <!-- driverFactory.AppTest -->
